<?xml version="1.0" encoding="UTF-8"?>
<testsuite name="cardvault.CardVault.CardVaultApplicationTests" tests="1" skipped="0" failures="0" errors="0" timestamp="2025-04-29T15:40:11" hostname="DESKTOP-MNGQN6P" time="0.52">
  <properties/>
  <testcase name="contextLoads()" classname="cardvault.CardVault.CardVaultApplicationTests" time="0.52"/>
  <system-out><![CDATA[18:40:09.772 [Test worker] INFO org.springframework.test.context.support.AnnotationConfigContextLoaderUtils -- Could not detect default configuration classes for test class [cardvault.CardVault.CardVaultApplicationTests]: CardVaultApplicationTests does not declare any static, non-private, non-final, nested classes annotated with @Configuration.
18:40:09.872 [Test worker] INFO org.springframework.boot.test.context.SpringBootTestContextBootstrapper -- Found @SpringBootConfiguration cardvault.CardVault.CardVaultApplication for test class cardvault.CardVault.CardVaultApplicationTests

  .   ____          _            __ _ _
 /\\ / ___'_ __ _ _(_)_ __  __ _ \ \ \ \
( ( )\___ | '_ | '_| | '_ \/ _` | \ \ \ \
 \\/  ___)| |_)| | | | | || (_| |  ) ) ) )
  '  |____| .__|_| |_|_| |_\__, | / / / /
 =========|_|==============|___/=/_/_/_/

 :: Spring Boot ::                (v3.4.5)

2025-04-29T18:40:10.241+03:00  INFO 7908 --- [CardVault] [    Test worker] c.CardVault.CardVaultApplicationTests    : Starting CardVaultApplicationTests using Java 21.0.5 with PID 7908 (started by User in D:\Leva\IT\EffectiveMobile\java_test_task_2025\CardVault)
2025-04-29T18:40:10.241+03:00  INFO 7908 --- [CardVault] [    Test worker] c.CardVault.CardVaultApplicationTests    : No active profile set, falling back to 1 default profile: "default"
2025-04-29T18:40:11.673+03:00  INFO 7908 --- [CardVault] [    Test worker] c.CardVault.CardVaultApplicationTests    : Started CardVaultApplicationTests in 1.663 seconds (process running for 2.665)
]]></system-out>
  <system-err><![CDATA[Mockito is currently self-attaching to enable the inline-mock-maker. This will no longer work in future releases of the JDK. Please add Mockito as an agent to your build what is described in Mockito's documentation: https://javadoc.io/doc/org.mockito/mockito-core/latest/org/mockito/Mockito.html#0.3
WARNING: A Java agent has been loaded dynamically (C:\Users\User\.gradle\caches\modules-2\files-2.1\net.bytebuddy\byte-buddy-agent\1.15.11\a38b16385e867f59a641330f0362ebe742788ed8\byte-buddy-agent-1.15.11.jar)
WARNING: If a serviceability tool is in use, please run with -XX:+EnableDynamicAgentLoading to hide this warning
WARNING: If a serviceability tool is not in use, please run with -Djdk.instrument.traceUsage for more information
WARNING: Dynamic loading of agents will be disallowed by default in a future release
]]></system-err>
</testsuite>
